Grammar

    0 $accept: program $end

    1 $@1: %empty

    2 program: $@1 PROG ID ';' block PERIOD

    3 block: variables cmpdstmt

    4 variables: %empty
    5          | VAR vardcls

    6 vardcls: vardcls vardcl ';'
    7        | vardcl ';'
    8        | error ';'

    9 vardcl: idlist ':' type

   10 idlist: idlist ',' ID
   11       | ID

   12 type: ARRAY '[' ICONST ']' OF stype
   13     | stype

   14 stype: INT
   15      | BOOL

   16 stmtlist: stmtlist ';' stmt
   17         | stmt
   18         | error

   19 stmt: ifstmt
   20     | wstmt
   21     | astmt
   22     | writestmt
   23     | cmpdstmt

   24 cmpdstmt: BEG stmtlist END

   25 $@2: %empty

   26 $@3: %empty

   27 $@4: %empty

   28 ifstmt: ifhead $@2 $@3 THEN stmt $@4 ELSE stmt

   29 ifhead: IF condexp

   30 writestmt: PRINT '(' exp ')'

   31 $@5: %empty

   32 $@6: %empty

   33 wstmt: WHILE $@5 condexp $@6 DO stmt

   34 astmt: lhs ASG exp

   35 lhs: ID
   36    | ID '[' exp ']'

   37 exp: exp '+' exp
   38    | exp '-' exp
   39    | exp '*' exp
   40    | exp AND exp
   41    | exp OR exp
   42    | ID
   43    | ID '[' exp ']'
   44    | ICONST
   45    | TRUE
   46    | FALSE
   47    | error

   48 condexp: exp NEQ exp
   49        | exp EQ exp
   50        | exp LT exp
   51        | exp LEQ exp
   52        | exp GT exp
   53        | exp GEQ exp
   54        | error


Terminals, with rules where they appear

$end (0) 0
'(' (40) 30
')' (41) 30
'*' (42) 39
'+' (43) 37
',' (44) 10
'-' (45) 38
':' (58) 9
';' (59) 2 6 7 8 16
'[' (91) 12 36 43
']' (93) 12 36 43
error (256) 8 18 47 54
PROG (258) 2
PERIOD (259) 2
VAR (260) 5
INT (261) 14
BOOL (262) 15
PRINT (263) 30
THEN (264) 28
IF (265) 29
DO (266) 33
ARRAY (267) 12
OF (268) 12
BEG (269) 24
END (270) 24
ASG (271) 34
EQ (272) 49
NEQ (273) 48
LT (274) 50
LEQ (275) 51
GT (276) 52
GEQ (277) 53
AND (278) 40
OR (279) 41
TRUE (280) 45
FALSE (281) 46
ELSE (282) 28
WHILE (283) 33
ID (284) 2 10 11 35 36 42 43
ICONST (285) 12 44


Nonterminals, with rules where they appear

$accept (41)
    on left: 0
program (42)
    on left: 2, on right: 0
$@1 (43)
    on left: 1, on right: 2
block (44)
    on left: 3, on right: 2
variables (45)
    on left: 4 5, on right: 3
vardcls (46)
    on left: 6 7 8, on right: 5 6
vardcl (47)
    on left: 9, on right: 6 7
idlist (48)
    on left: 10 11, on right: 9 10
type (49)
    on left: 12 13, on right: 9
stype (50)
    on left: 14 15, on right: 12 13
stmtlist (51)
    on left: 16 17 18, on right: 16 24
stmt (52)
    on left: 19 20 21 22 23, on right: 16 17 28 33
cmpdstmt (53)
    on left: 24, on right: 3 23
ifstmt (54)
    on left: 28, on right: 19
$@2 (55)
    on left: 25, on right: 28
$@3 (56)
    on left: 26, on right: 28
$@4 (57)
    on left: 27, on right: 28
ifhead (58)
    on left: 29, on right: 28
writestmt (59)
    on left: 30, on right: 22
wstmt (60)
    on left: 33, on right: 20
$@5 (61)
    on left: 31, on right: 33
$@6 (62)
    on left: 32, on right: 33
astmt (63)
    on left: 34, on right: 21
lhs (64)
    on left: 35 36, on right: 34
exp (65)
    on left: 37 38 39 40 41 42 43 44 45 46 47, on right: 30 34 36 37
    38 39 40 41 43 48 49 50 51 52 53
condexp (66)
    on left: 48 49 50 51 52 53 54, on right: 29 33


State 0

    0 $accept: . program $end

    $default  reduce using rule 1 ($@1)

    program  go to state 1
    $@1      go to state 2


State 1

    0 $accept: program . $end

    $end  shift, and go to state 3


State 2

    2 program: $@1 . PROG ID ';' block PERIOD

    PROG  shift, and go to state 4


State 3

    0 $accept: program $end .

    $default  accept


State 4

    2 program: $@1 PROG . ID ';' block PERIOD

    ID  shift, and go to state 5


State 5

    2 program: $@1 PROG ID . ';' block PERIOD

    ';'  shift, and go to state 6


State 6

    2 program: $@1 PROG ID ';' . block PERIOD

    VAR  shift, and go to state 7

    $default  reduce using rule 4 (variables)

    block      go to state 8
    variables  go to state 9


State 7

    5 variables: VAR . vardcls

    error  shift, and go to state 10
    ID     shift, and go to state 11

    vardcls  go to state 12
    vardcl   go to state 13
    idlist   go to state 14


State 8

    2 program: $@1 PROG ID ';' block . PERIOD

    PERIOD  shift, and go to state 15


State 9

    3 block: variables . cmpdstmt

    BEG  shift, and go to state 16

    cmpdstmt  go to state 17


State 10

    8 vardcls: error . ';'

    ';'  shift, and go to state 18


State 11

   11 idlist: ID .

    $default  reduce using rule 11 (idlist)


State 12

    5 variables: VAR vardcls .
    6 vardcls: vardcls . vardcl ';'

    ID  shift, and go to state 11

    $default  reduce using rule 5 (variables)

    vardcl  go to state 19
    idlist  go to state 14


State 13

    7 vardcls: vardcl . ';'

    ';'  shift, and go to state 20


State 14

    9 vardcl: idlist . ':' type
   10 idlist: idlist . ',' ID

    ':'  shift, and go to state 21
    ','  shift, and go to state 22


State 15

    2 program: $@1 PROG ID ';' block PERIOD .

    $default  reduce using rule 2 (program)


State 16

   24 cmpdstmt: BEG . stmtlist END

    error  shift, and go to state 23
    PRINT  shift, and go to state 24
    IF     shift, and go to state 25
    BEG    shift, and go to state 16
    WHILE  shift, and go to state 26
    ID     shift, and go to state 27

    stmtlist   go to state 28
    stmt       go to state 29
    cmpdstmt   go to state 30
    ifstmt     go to state 31
    ifhead     go to state 32
    writestmt  go to state 33
    wstmt      go to state 34
    astmt      go to state 35
    lhs        go to state 36


State 17

    3 block: variables cmpdstmt .

    $default  reduce using rule 3 (block)


State 18

    8 vardcls: error ';' .

    $default  reduce using rule 8 (vardcls)


State 19

    6 vardcls: vardcls vardcl . ';'

    ';'  shift, and go to state 37


State 20

    7 vardcls: vardcl ';' .

    $default  reduce using rule 7 (vardcls)


State 21

    9 vardcl: idlist ':' . type

    INT    shift, and go to state 38
    BOOL   shift, and go to state 39
    ARRAY  shift, and go to state 40

    type   go to state 41
    stype  go to state 42


State 22

   10 idlist: idlist ',' . ID

    ID  shift, and go to state 43


State 23

   18 stmtlist: error .

    $default  reduce using rule 18 (stmtlist)


State 24

   30 writestmt: PRINT . '(' exp ')'

    '('  shift, and go to state 44


State 25

   29 ifhead: IF . condexp

    error   shift, and go to state 45
    TRUE    shift, and go to state 46
    FALSE   shift, and go to state 47
    ID      shift, and go to state 48
    ICONST  shift, and go to state 49

    exp      go to state 50
    condexp  go to state 51


State 26

   33 wstmt: WHILE . $@5 condexp $@6 DO stmt

    $default  reduce using rule 31 ($@5)

    $@5  go to state 52


State 27

   35 lhs: ID .
   36    | ID . '[' exp ']'

    '['  shift, and go to state 53

    $default  reduce using rule 35 (lhs)


State 28

   16 stmtlist: stmtlist . ';' stmt
   24 cmpdstmt: BEG stmtlist . END

    END  shift, and go to state 54
    ';'  shift, and go to state 55


State 29

   17 stmtlist: stmt .

    $default  reduce using rule 17 (stmtlist)


State 30

   23 stmt: cmpdstmt .

    $default  reduce using rule 23 (stmt)


State 31

   19 stmt: ifstmt .

    $default  reduce using rule 19 (stmt)


State 32

   28 ifstmt: ifhead . $@2 $@3 THEN stmt $@4 ELSE stmt

    $default  reduce using rule 25 ($@2)

    $@2  go to state 56


State 33

   22 stmt: writestmt .

    $default  reduce using rule 22 (stmt)


State 34

   20 stmt: wstmt .

    $default  reduce using rule 20 (stmt)


State 35

   21 stmt: astmt .

    $default  reduce using rule 21 (stmt)


State 36

   34 astmt: lhs . ASG exp

    ASG  shift, and go to state 57


State 37

    6 vardcls: vardcls vardcl ';' .

    $default  reduce using rule 6 (vardcls)


State 38

   14 stype: INT .

    $default  reduce using rule 14 (stype)


State 39

   15 stype: BOOL .

    $default  reduce using rule 15 (stype)


State 40

   12 type: ARRAY . '[' ICONST ']' OF stype

    '['  shift, and go to state 58


State 41

    9 vardcl: idlist ':' type .

    $default  reduce using rule 9 (vardcl)


State 42

   13 type: stype .

    $default  reduce using rule 13 (type)


State 43

   10 idlist: idlist ',' ID .

    $default  reduce using rule 10 (idlist)


State 44

   30 writestmt: PRINT '(' . exp ')'

    error   shift, and go to state 59
    TRUE    shift, and go to state 46
    FALSE   shift, and go to state 47
    ID      shift, and go to state 48
    ICONST  shift, and go to state 49

    exp  go to state 60


State 45

   47 exp: error .
   54 condexp: error .

    THEN      reduce using rule 54 (condexp)
    DO        reduce using rule 54 (condexp)
    $default  reduce using rule 47 (exp)


State 46

   45 exp: TRUE .

    $default  reduce using rule 45 (exp)


State 47

   46 exp: FALSE .

    $default  reduce using rule 46 (exp)


State 48

   42 exp: ID .
   43    | ID . '[' exp ']'

    '['  shift, and go to state 61

    $default  reduce using rule 42 (exp)


State 49

   44 exp: ICONST .

    $default  reduce using rule 44 (exp)


State 50

   37 exp: exp . '+' exp
   38    | exp . '-' exp
   39    | exp . '*' exp
   40    | exp . AND exp
   41    | exp . OR exp
   48 condexp: exp . NEQ exp
   49        | exp . EQ exp
   50        | exp . LT exp
   51        | exp . LEQ exp
   52        | exp . GT exp
   53        | exp . GEQ exp

    EQ   shift, and go to state 62
    NEQ  shift, and go to state 63
    LT   shift, and go to state 64
    LEQ  shift, and go to state 65
    GT   shift, and go to state 66
    GEQ  shift, and go to state 67
    AND  shift, and go to state 68
    OR   shift, and go to state 69
    '+'  shift, and go to state 70
    '-'  shift, and go to state 71
    '*'  shift, and go to state 72


State 51

   29 ifhead: IF condexp .

    $default  reduce using rule 29 (ifhead)


State 52

   33 wstmt: WHILE $@5 . condexp $@6 DO stmt

    error   shift, and go to state 45
    TRUE    shift, and go to state 46
    FALSE   shift, and go to state 47
    ID      shift, and go to state 48
    ICONST  shift, and go to state 49

    exp      go to state 50
    condexp  go to state 73


State 53

   36 lhs: ID '[' . exp ']'

    error   shift, and go to state 59
    TRUE    shift, and go to state 46
    FALSE   shift, and go to state 47
    ID      shift, and go to state 48
    ICONST  shift, and go to state 49

    exp  go to state 74


State 54

   24 cmpdstmt: BEG stmtlist END .

    $default  reduce using rule 24 (cmpdstmt)


State 55

   16 stmtlist: stmtlist ';' . stmt

    PRINT  shift, and go to state 24
    IF     shift, and go to state 25
    BEG    shift, and go to state 16
    WHILE  shift, and go to state 26
    ID     shift, and go to state 27

    stmt       go to state 75
    cmpdstmt   go to state 30
    ifstmt     go to state 31
    ifhead     go to state 32
    writestmt  go to state 33
    wstmt      go to state 34
    astmt      go to state 35
    lhs        go to state 36


State 56

   28 ifstmt: ifhead $@2 . $@3 THEN stmt $@4 ELSE stmt

    $default  reduce using rule 26 ($@3)

    $@3  go to state 76


State 57

   34 astmt: lhs ASG . exp

    error   shift, and go to state 59
    TRUE    shift, and go to state 46
    FALSE   shift, and go to state 47
    ID      shift, and go to state 48
    ICONST  shift, and go to state 49

    exp  go to state 77


State 58

   12 type: ARRAY '[' . ICONST ']' OF stype

    ICONST  shift, and go to state 78


State 59

   47 exp: error .

    $default  reduce using rule 47 (exp)


State 60

   30 writestmt: PRINT '(' exp . ')'
   37 exp: exp . '+' exp
   38    | exp . '-' exp
   39    | exp . '*' exp
   40    | exp . AND exp
   41    | exp . OR exp

    AND  shift, and go to state 68
    OR   shift, and go to state 69
    '+'  shift, and go to state 70
    '-'  shift, and go to state 71
    '*'  shift, and go to state 72
    ')'  shift, and go to state 79


State 61

   43 exp: ID '[' . exp ']'

    error   shift, and go to state 59
    TRUE    shift, and go to state 46
    FALSE   shift, and go to state 47
    ID      shift, and go to state 48
    ICONST  shift, and go to state 49

    exp  go to state 80


State 62

   49 condexp: exp EQ . exp

    error   shift, and go to state 59
    TRUE    shift, and go to state 46
    FALSE   shift, and go to state 47
    ID      shift, and go to state 48
    ICONST  shift, and go to state 49

    exp  go to state 81


State 63

   48 condexp: exp NEQ . exp

    error   shift, and go to state 59
    TRUE    shift, and go to state 46
    FALSE   shift, and go to state 47
    ID      shift, and go to state 48
    ICONST  shift, and go to state 49

    exp  go to state 82


State 64

   50 condexp: exp LT . exp

    error   shift, and go to state 59
    TRUE    shift, and go to state 46
    FALSE   shift, and go to state 47
    ID      shift, and go to state 48
    ICONST  shift, and go to state 49

    exp  go to state 83


State 65

   51 condexp: exp LEQ . exp

    error   shift, and go to state 59
    TRUE    shift, and go to state 46
    FALSE   shift, and go to state 47
    ID      shift, and go to state 48
    ICONST  shift, and go to state 49

    exp  go to state 84


State 66

   52 condexp: exp GT . exp

    error   shift, and go to state 59
    TRUE    shift, and go to state 46
    FALSE   shift, and go to state 47
    ID      shift, and go to state 48
    ICONST  shift, and go to state 49

    exp  go to state 85


State 67

   53 condexp: exp GEQ . exp

    error   shift, and go to state 59
    TRUE    shift, and go to state 46
    FALSE   shift, and go to state 47
    ID      shift, and go to state 48
    ICONST  shift, and go to state 49

    exp  go to state 86


State 68

   40 exp: exp AND . exp

    error   shift, and go to state 59
    TRUE    shift, and go to state 46
    FALSE   shift, and go to state 47
    ID      shift, and go to state 48
    ICONST  shift, and go to state 49

    exp  go to state 87


State 69

   41 exp: exp OR . exp

    error   shift, and go to state 59
    TRUE    shift, and go to state 46
    FALSE   shift, and go to state 47
    ID      shift, and go to state 48
    ICONST  shift, and go to state 49

    exp  go to state 88


State 70

   37 exp: exp '+' . exp

    error   shift, and go to state 59
    TRUE    shift, and go to state 46
    FALSE   shift, and go to state 47
    ID      shift, and go to state 48
    ICONST  shift, and go to state 49

    exp  go to state 89


State 71

   38 exp: exp '-' . exp

    error   shift, and go to state 59
    TRUE    shift, and go to state 46
    FALSE   shift, and go to state 47
    ID      shift, and go to state 48
    ICONST  shift, and go to state 49

    exp  go to state 90


State 72

   39 exp: exp '*' . exp

    error   shift, and go to state 59
    TRUE    shift, and go to state 46
    FALSE   shift, and go to state 47
    ID      shift, and go to state 48
    ICONST  shift, and go to state 49

    exp  go to state 91


State 73

   33 wstmt: WHILE $@5 condexp . $@6 DO stmt

    $default  reduce using rule 32 ($@6)

    $@6  go to state 92


State 74

   36 lhs: ID '[' exp . ']'
   37 exp: exp . '+' exp
   38    | exp . '-' exp
   39    | exp . '*' exp
   40    | exp . AND exp
   41    | exp . OR exp

    AND  shift, and go to state 68
    OR   shift, and go to state 69
    '+'  shift, and go to state 70
    '-'  shift, and go to state 71
    '*'  shift, and go to state 72
    ']'  shift, and go to state 93


State 75

   16 stmtlist: stmtlist ';' stmt .

    $default  reduce using rule 16 (stmtlist)


State 76

   28 ifstmt: ifhead $@2 $@3 . THEN stmt $@4 ELSE stmt

    THEN  shift, and go to state 94


State 77

   34 astmt: lhs ASG exp .
   37 exp: exp . '+' exp
   38    | exp . '-' exp
   39    | exp . '*' exp
   40    | exp . AND exp
   41    | exp . OR exp

    AND  shift, and go to state 68
    OR   shift, and go to state 69
    '+'  shift, and go to state 70
    '-'  shift, and go to state 71
    '*'  shift, and go to state 72

    $default  reduce using rule 34 (astmt)


State 78

   12 type: ARRAY '[' ICONST . ']' OF stype

    ']'  shift, and go to state 95


State 79

   30 writestmt: PRINT '(' exp ')' .

    $default  reduce using rule 30 (writestmt)


State 80

   37 exp: exp . '+' exp
   38    | exp . '-' exp
   39    | exp . '*' exp
   40    | exp . AND exp
   41    | exp . OR exp
   43    | ID '[' exp . ']'

    AND  shift, and go to state 68
    OR   shift, and go to state 69
    '+'  shift, and go to state 70
    '-'  shift, and go to state 71
    '*'  shift, and go to state 72
    ']'  shift, and go to state 96


State 81

   37 exp: exp . '+' exp
   38    | exp . '-' exp
   39    | exp . '*' exp
   40    | exp . AND exp
   41    | exp . OR exp
   49 condexp: exp EQ exp .

    AND  shift, and go to state 68
    OR   shift, and go to state 69
    '+'  shift, and go to state 70
    '-'  shift, and go to state 71
    '*'  shift, and go to state 72

    $default  reduce using rule 49 (condexp)


State 82

   37 exp: exp . '+' exp
   38    | exp . '-' exp
   39    | exp . '*' exp
   40    | exp . AND exp
   41    | exp . OR exp
   48 condexp: exp NEQ exp .

    AND  shift, and go to state 68
    OR   shift, and go to state 69
    '+'  shift, and go to state 70
    '-'  shift, and go to state 71
    '*'  shift, and go to state 72

    $default  reduce using rule 48 (condexp)


State 83

   37 exp: exp . '+' exp
   38    | exp . '-' exp
   39    | exp . '*' exp
   40    | exp . AND exp
   41    | exp . OR exp
   50 condexp: exp LT exp .

    AND  shift, and go to state 68
    OR   shift, and go to state 69
    '+'  shift, and go to state 70
    '-'  shift, and go to state 71
    '*'  shift, and go to state 72

    $default  reduce using rule 50 (condexp)


State 84

   37 exp: exp . '+' exp
   38    | exp . '-' exp
   39    | exp . '*' exp
   40    | exp . AND exp
   41    | exp . OR exp
   51 condexp: exp LEQ exp .

    AND  shift, and go to state 68
    OR   shift, and go to state 69
    '+'  shift, and go to state 70
    '-'  shift, and go to state 71
    '*'  shift, and go to state 72

    $default  reduce using rule 51 (condexp)


State 85

   37 exp: exp . '+' exp
   38    | exp . '-' exp
   39    | exp . '*' exp
   40    | exp . AND exp
   41    | exp . OR exp
   52 condexp: exp GT exp .

    AND  shift, and go to state 68
    OR   shift, and go to state 69
    '+'  shift, and go to state 70
    '-'  shift, and go to state 71
    '*'  shift, and go to state 72

    $default  reduce using rule 52 (condexp)


State 86

   37 exp: exp . '+' exp
   38    | exp . '-' exp
   39    | exp . '*' exp
   40    | exp . AND exp
   41    | exp . OR exp
   53 condexp: exp GEQ exp .

    AND  shift, and go to state 68
    OR   shift, and go to state 69
    '+'  shift, and go to state 70
    '-'  shift, and go to state 71
    '*'  shift, and go to state 72

    $default  reduce using rule 53 (condexp)


State 87

   37 exp: exp . '+' exp
   38    | exp . '-' exp
   39    | exp . '*' exp
   40    | exp . AND exp
   40    | exp AND exp .
   41    | exp . OR exp

    OR   shift, and go to state 69
    '*'  shift, and go to state 72

    $default  reduce using rule 40 (exp)


State 88

   37 exp: exp . '+' exp
   38    | exp . '-' exp
   39    | exp . '*' exp
   40    | exp . AND exp
   41    | exp . OR exp
   41    | exp OR exp .

    $default  reduce using rule 41 (exp)


State 89

   37 exp: exp . '+' exp
   37    | exp '+' exp .
   38    | exp . '-' exp
   39    | exp . '*' exp
   40    | exp . AND exp
   41    | exp . OR exp

    OR   shift, and go to state 69
    '*'  shift, and go to state 72

    $default  reduce using rule 37 (exp)


State 90

   37 exp: exp . '+' exp
   38    | exp . '-' exp
   38    | exp '-' exp .
   39    | exp . '*' exp
   40    | exp . AND exp
   41    | exp . OR exp

    OR   shift, and go to state 69
    '*'  shift, and go to state 72

    $default  reduce using rule 38 (exp)


State 91

   37 exp: exp . '+' exp
   38    | exp . '-' exp
   39    | exp . '*' exp
   39    | exp '*' exp .
   40    | exp . AND exp
   41    | exp . OR exp

    $default  reduce using rule 39 (exp)


State 92

   33 wstmt: WHILE $@5 condexp $@6 . DO stmt

    DO  shift, and go to state 97


State 93

   36 lhs: ID '[' exp ']' .

    $default  reduce using rule 36 (lhs)


State 94

   28 ifstmt: ifhead $@2 $@3 THEN . stmt $@4 ELSE stmt

    PRINT  shift, and go to state 24
    IF     shift, and go to state 25
    BEG    shift, and go to state 16
    WHILE  shift, and go to state 26
    ID     shift, and go to state 27

    stmt       go to state 98
    cmpdstmt   go to state 30
    ifstmt     go to state 31
    ifhead     go to state 32
    writestmt  go to state 33
    wstmt      go to state 34
    astmt      go to state 35
    lhs        go to state 36


State 95

   12 type: ARRAY '[' ICONST ']' . OF stype

    OF  shift, and go to state 99


State 96

   43 exp: ID '[' exp ']' .

    $default  reduce using rule 43 (exp)


State 97

   33 wstmt: WHILE $@5 condexp $@6 DO . stmt

    PRINT  shift, and go to state 24
    IF     shift, and go to state 25
    BEG    shift, and go to state 16
    WHILE  shift, and go to state 26
    ID     shift, and go to state 27

    stmt       go to state 100
    cmpdstmt   go to state 30
    ifstmt     go to state 31
    ifhead     go to state 32
    writestmt  go to state 33
    wstmt      go to state 34
    astmt      go to state 35
    lhs        go to state 36


State 98

   28 ifstmt: ifhead $@2 $@3 THEN stmt . $@4 ELSE stmt

    $default  reduce using rule 27 ($@4)

    $@4  go to state 101


State 99

   12 type: ARRAY '[' ICONST ']' OF . stype

    INT   shift, and go to state 38
    BOOL  shift, and go to state 39

    stype  go to state 102


State 100

   33 wstmt: WHILE $@5 condexp $@6 DO stmt .

    $default  reduce using rule 33 (wstmt)


State 101

   28 ifstmt: ifhead $@2 $@3 THEN stmt $@4 . ELSE stmt

    ELSE  shift, and go to state 103


State 102

   12 type: ARRAY '[' ICONST ']' OF stype .

    $default  reduce using rule 12 (type)


State 103

   28 ifstmt: ifhead $@2 $@3 THEN stmt $@4 ELSE . stmt

    PRINT  shift, and go to state 24
    IF     shift, and go to state 25
    BEG    shift, and go to state 16
    WHILE  shift, and go to state 26
    ID     shift, and go to state 27

    stmt       go to state 104
    cmpdstmt   go to state 30
    ifstmt     go to state 31
    ifhead     go to state 32
    writestmt  go to state 33
    wstmt      go to state 34
    astmt      go to state 35
    lhs        go to state 36


State 104

   28 ifstmt: ifhead $@2 $@3 THEN stmt $@4 ELSE stmt .

    $default  reduce using rule 28 (ifstmt)
